<?xml version="1.0" encoding="UTF-8"?>
<testsuite xmlns:xsi="http://www.w3.org/2001/XMLSchema-instance" xsi:noNamespaceSchemaLocation="https://maven.apache.org/surefire/maven-surefire-plugin/xsd/surefire-test-report.xsd" version="3.0.2" name="com.project.princeps.princeps_finance_bot.PrincepsFinanceBotApplicationTests" time="6.959" tests="1" errors="0" skipped="0" failures="0">
  <properties>
[...]
</properties>
  <testcase name="contextLoads" classname="com.project.princeps.princeps_finance_bot.PrincepsFinanceBotApplicationTests" time="0.417">
    <system-out><![CDATA[15:52:36.979 [main] INFO org.springframework.test.context.support.AnnotationConfigContextLoaderUtils -- Could not detect default configuration classes for test class [com.project.princeps.princeps_finance_bot.PrincepsFinanceBotApplicationTests]: PrincepsFinanceBotApplicationTests does not declare any static, non-private, non-final, nested classes annotated with @Configuration.
15:52:37.105 [main] INFO org.springframework.boot.test.context.SpringBootTestContextBootstrapper -- Found @SpringBootConfiguration com.project.princeps.princeps_finance_bot.PrincepsFinanceBotApplication for test class com.project.princeps.princeps_finance_bot.PrincepsFinanceBotApplicationTests

  .   ____          _            __ _ _
 /\\ / ___'_ __ _ _(_)_ __  __ _ \ \ \ \
( ( )\___ | '_ | '_| | '_ \/ _` | \ \ \ \
 \\/  ___)| |_)| | | | | || (_| |  ) ) ) )
  '  |____| .__|_| |_|_| |_\__, | / / / /
 =========|_|==============|___/=/_/_/_/

 :: Spring Boot ::                (v3.4.3)

2025-03-17T15:52:37.475+03:00  WARN 32492 --- [princeps_finance_bot] [           main] ory$DuplicateJsonObjectContextCustomizer : 

Found multiple occurrences of org.json.JSONObject on the class path:

	jar:file:/C:/Users/iwast/.m2/repository/com/vaadin/external/google/android-json/0.0.20131108.vaadin1/android-json-0.0.20131108.vaadin1.jar!/org/json/JSONObject.class
	jar:file:/C:/Users/iwast/.m2/repository/org/json/json/20180813/json-20180813.jar!/org/json/JSONObject.class

You may wish to exclude one of them to ensure predictable runtime behavior

2025-03-17T15:52:37.491+03:00  INFO 32492 --- [princeps_finance_bot] [           main] p.p.p.PrincepsFinanceBotApplicationTests : Starting PrincepsFinanceBotApplicationTests using Java 21.0.5 with PID 32492 (started by iwast in D:\princeps_finance_bot)
2025-03-17T15:52:37.491+03:00  INFO 32492 --- [princeps_finance_bot] [           main] p.p.p.PrincepsFinanceBotApplicationTests : No active profile set, falling back to 1 default profile: "default"
2025-03-17T15:52:38.219+03:00  INFO 32492 --- [princeps_finance_bot] [           main] .s.d.r.c.RepositoryConfigurationDelegate : Bootstrapping Spring Data JPA repositories in DEFAULT mode.
2025-03-17T15:52:38.282+03:00  INFO 32492 --- [princeps_finance_bot] [           main] .s.d.r.c.RepositoryConfigurationDelegate : Finished Spring Data repository scanning in 51 ms. Found 5 JPA repository interfaces.
2025-03-17T15:52:39.197+03:00  INFO 32492 --- [princeps_finance_bot] [           main] org.flywaydb.core.FlywayExecutor         : Database: jdbc:postgresql://localhost:5432/princepsbot (PostgreSQL 17.0)
2025-03-17T15:52:39.343+03:00  INFO 32492 --- [princeps_finance_bot] [           main] o.f.core.internal.command.DbValidate     : Successfully validated 10 migrations (execution time 00:00.078s)
2025-03-17T15:52:39.461+03:00  INFO 32492 --- [princeps_finance_bot] [           main] o.f.core.internal.command.DbMigrate      : Current version of schema "public": 10
2025-03-17T15:52:39.466+03:00  INFO 32492 --- [princeps_finance_bot] [           main] o.f.core.internal.command.DbMigrate      : Schema "public" is up to date. No migration necessary.
2025-03-17T15:52:39.578+03:00  INFO 32492 --- [princeps_finance_bot] [           main] o.hibernate.jpa.internal.util.LogHelper  : HHH000204: Processing PersistenceUnitInfo [name: default]
2025-03-17T15:52:39.655+03:00  INFO 32492 --- [princeps_finance_bot] [           main] org.hibernate.Version                    : HHH000412: Hibernate ORM core version 6.6.8.Final
2025-03-17T15:52:39.703+03:00  INFO 32492 --- [princeps_finance_bot] [           main] o.h.c.internal.RegionFactoryInitiator    : HHH000026: Second-level cache disabled
2025-03-17T15:52:40.023+03:00  INFO 32492 --- [princeps_finance_bot] [           main] o.s.o.j.p.SpringPersistenceUnitInfo      : No LoadTimeWeaver setup: ignoring JPA class transformer
2025-03-17T15:52:40.046+03:00  INFO 32492 --- [princeps_finance_bot] [           main] com.zaxxer.hikari.HikariDataSource       : HikariPool-1 - Starting...
2025-03-17T15:52:40.081+03:00  INFO 32492 --- [princeps_finance_bot] [           main] com.zaxxer.hikari.pool.HikariPool        : HikariPool-1 - Added connection org.postgresql.jdbc.PgConnection@57fce8b
2025-03-17T15:52:40.098+03:00  INFO 32492 --- [princeps_finance_bot] [           main] com.zaxxer.hikari.HikariDataSource       : HikariPool-1 - Start completed.
2025-03-17T15:52:40.161+03:00  INFO 32492 --- [princeps_finance_bot] [           main] org.hibernate.orm.connections.pooling    : HHH10001005: Database info:
	Database JDBC URL [Connecting through datasource 'HikariDataSource (HikariPool-1)']
	Database driver: undefined/unknown
	Database version: 17.0
	Autocommit mode: undefined/unknown
	Isolation level: undefined/unknown
	Minimum pool size: undefined/unknown
	Maximum pool size: undefined/unknown
2025-03-17T15:52:40.869+03:00  INFO 32492 --- [princeps_finance_bot] [           main] o.h.e.t.j.p.i.JtaPlatformInitiator       : HHH000489: No JTA platform available (set 'hibernate.transaction.jta.platform' to enable JTA platform integration)
2025-03-17T15:52:41.077+03:00  INFO 32492 --- [princeps_finance_bot] [           main] j.LocalContainerEntityManagerFactoryBean : Initialized JPA EntityManagerFactory for persistence unit 'default'
2025-03-17T15:52:42.463+03:00  WARN 32492 --- [princeps_finance_bot] [           main] JpaBaseConfiguration$JpaWebConfiguration : spring.jpa.open-in-view is enabled by default. Therefore, database queries may be performed during view rendering. Explicitly configure spring.jpa.open-in-view to disable this warning
2025-03-17T15:52:42.509+03:00  INFO 32492 --- [princeps_finance_bot] [           main] o.s.v.b.OptionalValidatorFactoryBean     : Failed to set up a Bean Validation provider: jakarta.validation.NoProviderFoundException: Unable to create a Configuration, because no Jakarta Bean Validation provider could be found. Add a provider like Hibernate Validator (RI) to your classpath.
2025-03-17T15:52:43.063+03:00  INFO 32492 --- [princeps_finance_bot] [           main] r$InitializeUserDetailsManagerConfigurer : Global AuthenticationManager configured with UserDetailsService bean with name inMemoryUserDetailsManager
2025-03-17T15:52:43.327+03:00  INFO 32492 --- [princeps_finance_bot] [           main] c.p.p.p.config.BotInitializer            : SUCCESS
2025-03-17T15:52:43.329+03:00  INFO 32492 --- [princeps_finance_bot] [           main] p.p.p.PrincepsFinanceBotApplicationTests : Started PrincepsFinanceBotApplicationTests in 6.078 seconds (process running for 7.887)
]]></system-out>
    <system-err><![CDATA[Mockito is currently self-attaching to enable the inline-mock-maker. This will no longer work in future releases of the JDK. Please add Mockito as an agent to your build what is described in Mockito's documentation: https://javadoc.io/doc/org.mockito/mockito-core/latest/org/mockito/Mockito.html#0.3
WARNING: A Java agent has been loaded dynamically (C:\Users\iwast\.m2\repository\net\bytebuddy\byte-buddy-agent\1.15.11\byte-buddy-agent-1.15.11.jar)
WARNING: If a serviceability tool is in use, please run with -XX:+EnableDynamicAgentLoading to hide this warning
WARNING: If a serviceability tool is not in use, please run with -Djdk.instrument.traceUsage for more information
WARNING: Dynamic loading of agents will be disallowed by default in a future release
]]></system-err>
  </testcase>
</testsuite>